This is e-upTeX, Version 3.141592653-p4.1.2-u2.00-250202-2.6 (utf8.sjis) (TeX Live 2025) (preloaded format=platex 2025.11.13)  13 NOV 2025 21:55
entering extended mode
 restricted \write18 enabled.
 file:line:error style messages enabled.
 %&-line parsing enabled.
**c:/git/nakashima_master/main.tex
(c:/git/nakashima_master/main.tex
pLaTeX2e <2023-02-14>+1, based on
LaTeX2e <2025-11-01>
L3 programming layer <2025-10-24>
(c:/texlive/2025/texmf-dist/tex/platex/jsclasses/jsreport.cls
Document Class: jsreport 2025/04/27 jsclasses (okumura, texjporg)
Class jsreport Info: Autodetected engine: pLaTeX on input line 237.
\jsc@mpt=\dimen164
\jsc@mmm=\dimen165
\jsc@smallskipamount=\skip49
LaTeX Info: Redefining \textmc on input line 512.
LaTeX Info: Redefining \textgt on input line 514.
\symmincho=\mathgroup4
LaTeX Font Info:    Overwriting symbol font `mincho' in version `bold'
(Font)                  JY1/mc/m/n --> JY1/gt/m/n on input line 576.
LaTeX Font Info:    Font shape `JT1/mc/m/n' will be
(Font)              scaled to size 9.60999pt on input line 770.
LaTeX Font Info:    Font shape `JY1/mc/m/n' will be
(Font)              scaled to size 9.60999pt on input line 770.
\fullwidth=\dimen166
LaTeX Font Info:    Font shape `JT1/mc/m/n' will be
(Font)              scaled to size 7.68799pt on input line 909.
LaTeX Font Info:    Font shape `JY1/mc/m/n' will be
(Font)              scaled to size 7.68799pt on input line 909.
\c@part=\count274
\c@chapter=\count275
\c@section=\count276
\c@subsection=\count277
\c@subsubsection=\count278
\c@paragraph=\count279
\c@subparagraph=\count280
\@abstractbox=\box70
\c@figure=\count281
\c@table=\count282
\abovecaptionskip=\skip50
\belowcaptionskip=\skip51
\jsc@tocl@width=\dimen167
\@lnumwidth=\dimen168
\bibindent=\dimen169
(c:/texlive/2025/texmf-dist/tex/platex/jsclasses/jslogo.sty
Package: jslogo 2019/07/25 okumura, texjporg
LaTeX Info: Redefining \TeX on input line 82.
LaTeX Info: Redefining \LaTeX on input line 135.
LaTeX Info: Redefining \LaTeXe on input line 188.
)
\heisei=\count283
) (c:/texlive/2025/texmf-dist/tex/latex/tools/bm.sty
Package: bm 2025/10/21 v1.2g Bold Symbol Support (DPC/FMi)
\symboldoperators=\mathgroup5
\symboldletters=\mathgroup6
\symboldsymbols=\mathgroup7
Package bm Info: No bold for \OMX/cmex/m/n, using \pmb.
\symboldmincho=\mathgroup8
LaTeX Font Info:    Redeclaring math alphabet \mathbf on input line 149.
) (c:/texlive/2025/texmf-dist/tex/latex/graphics/graphicx.sty
Package: graphicx 2024/12/31 v1.2e Enhanced LaTeX Graphics (DPC,SPQR)
(c:/texlive/2025/texmf-dist/tex/latex/graphics/keyval.sty
Package: keyval 2022/05/29 v1.15 key=value parser (DPC)
\KV@toks@=\toks18
) (c:/texlive/2025/texmf-dist/tex/latex/graphics/graphics.sty
Package: graphics 2024/08/06 v1.4g Standard LaTeX Graphics (DPC,SPQR)
(c:/texlive/2025/texmf-dist/tex/latex/graphics/trig.sty
Package: trig 2023/12/02 v1.11 sin cos tan (DPC)
) (c:/texlive/2025/texmf-dist/tex/latex/graphics-cfg/graphics.cfg
File: graphics.cfg 2016/06/04 v1.11 sample graphics configuration
)
Package graphics Info: Driver file: dvipdfmx.def on input line 106.
(c:/texlive/2025/texmf-dist/tex/latex/graphics-def/dvipdfmx.def
File: dvipdfmx.def 2025/09/29 v5.0n Graphics/color driver for dvipdfmx
))
\Gin@req@height=\dimen170
\Gin@req@width=\dimen171
) (c:/texlive/2025/texmf-dist/tex/latex/ascmac/ascmac.sty
Package: ascmac 2020/01/15 v2.1 ascmac wrapper (community edition) 
(c:/texlive/2025/texmf-dist/tex/latex/ascmac/tascmac.sty
Package: tascmac 2020/01/15 v2.1 ascmac package (community edition) 
\@savetbaselineshift=\dimen172
\@saveybaselineshift=\dimen173
\scb@x=\box71
\scscb@x=\box72
\@bw=\dimen174
\@nbox=\box73
\@nbody=\box74
\@scw=\dimen175
\ascmac@hoboxa=\box75
\ascmac@hoboxb=\box76
\@itemh=\dimen176
\@iboxpos=\toks19
\@iboxstr=\box77
\@bwsp=\box78
\@@bwsp=\box79
\@bcal=\count284
\shaderule=\dimen177
)) (c:/texlive/2025/texmf-dist/tex/latex/usebib/usebib.sty
Package: usebib 2012/03/17 v1.0 Reusing bib files
(c:/texlive/2025/texmf-dist/tex/latex/url/url.sty
\Urlmuskip=\muskip17
Package: url 2013/09/16  ver 3.4  Verb mode for urls, etc.
)) (c:/texlive/2025/texmf-dist/tex/latex/amsmath/amsmath.sty
Package: amsmath 2025/07/09 v2.17z AMS math features
\@mathmargin=\skip52
For additional information on amsmath, use the `?' option.
(c:/texlive/2025/texmf-dist/tex/latex/amsmath/amstext.sty
Package: amstext 2024/11/17 v2.01 AMS text
(c:/texlive/2025/texmf-dist/tex/latex/amsmath/amsgen.sty
File: amsgen.sty 1999/11/30 v2.0 generic functions
\@emptytoks=\toks20
\ex@=\dimen178
)) (c:/texlive/2025/texmf-dist/tex/latex/amsmath/amsbsy.sty
Package: amsbsy 1999/11/29 v1.2d Bold Symbols
LaTeX Info: Redefining \boldsymbol on input line 28.
\pmbraise@=\dimen179
) (c:/texlive/2025/texmf-dist/tex/latex/amsmath/amsopn.sty
Package: amsopn 2022/04/08 v2.04 operator names
)
\inf@bad=\count285
LaTeX Info: Redefining \frac on input line 233.
\uproot@=\count286
\leftroot@=\count287
LaTeX Info: Redefining \overline on input line 398.
LaTeX Info: Redefining \colon on input line 409.
\classnum@=\count288
\DOTSCASE@=\count289
LaTeX Info: Redefining \ldots on input line 495.
LaTeX Info: Redefining \dots on input line 498.
LaTeX Info: Redefining \cdots on input line 619.
\Mathstrutbox@=\box80
\strutbox@=\box81
LaTeX Info: Redefining \big on input line 721.
LaTeX Info: Redefining \Big on input line 722.
LaTeX Info: Redefining \bigg on input line 723.
LaTeX Info: Redefining \Bigg on input line 724.
\big@size=\dimen180
LaTeX Font Info:    Redeclaring font encoding OML on input line 742.
LaTeX Font Info:    Redeclaring font encoding OMS on input line 743.
\macc@depth=\count290
LaTeX Info: Redefining \bmod on input line 904.
LaTeX Info: Redefining \pmod on input line 909.
LaTeX Info: Redefining \smash on input line 939.
LaTeX Info: Redefining \relbar on input line 969.
LaTeX Info: Redefining \Relbar on input line 970.
\c@MaxMatrixCols=\count291
\dotsspace@=\muskip18
\c@parentequation=\count292
\dspbrk@lvl=\count293
\tag@help=\toks21
\row@=\count294
\column@=\count295
\maxfields@=\count296
\andhelp@=\toks22
\eqnshift@=\dimen181
\alignsep@=\dimen182
\tagshift@=\dimen183
\tagwidth@=\dimen184
\totwidth@=\dimen185
\lineht@=\dimen186
\@envbody=\toks23
\multlinegap=\skip53
\multlinetaggap=\skip54
\mathdisplay@stack=\toks24
LaTeX Info: Redefining \[ on input line 2950.
LaTeX Info: Redefining \] on input line 2951.
) (c:/texlive/2025/texmf-dist/tex/latex/tools/longtable.sty
Package: longtable 2025-10-13 v4.24 Multi-page Table package (DPC)
\LTleft=\skip55
\LTright=\skip56
\LTpre=\skip57
\LTpost=\skip58
\LTchunksize=\count297
\LTcapwidth=\dimen187
\LT@head=\box82
\LT@firsthead=\box83
\LT@foot=\box84
\LT@lastfoot=\box85
\LT@gbox=\box86
\LT@cols=\count298
\LT@rows=\count299
\c@LT@tables=\count300
\c@LT@chunks=\count301
\LT@p@ftn=\toks25
) (c:/texlive/2025/texmf-dist/tex/latex/aspectratio/ar.sty
Package: ar 2012/01/23 v.2.0 Aspect Ratio symbol: CM, TX, PX styles
) (c:/texlive/2025/texmf-dist/tex/latex/caption/subcaption.sty
Package: subcaption 2023/07/28 v1.6b Sub-captions (AR)
(c:/texlive/2025/texmf-dist/tex/latex/caption/caption.sty
Package: caption 2023/08/05 v3.6o Customizing captions (AR)
(c:/texlive/2025/texmf-dist/tex/latex/caption/caption3.sty
Package: caption3 2023/07/31 v2.4d caption3 kernel (AR)
\caption@tempdima=\dimen188
\captionmargin=\dimen189
\caption@leftmargin=\dimen190
\caption@rightmargin=\dimen191
\caption@width=\dimen192
\caption@indent=\dimen193
\caption@parindent=\dimen194
\caption@hangindent=\dimen195
Package caption Info: Unknown document class (or package),
(caption)             standard defaults will be used.
Package caption Info: \@makecaption = \long macro:#1#2->{\small \advance \leftskip .0628\linewidth \advance \rightskip .0628\linewidth \vskip \abovecaptionskip \sbox \@tempboxa {#1\hskip 1zw\relax #2}\ifdim \wd \@tempboxa <\hsize \centering \fi #1{\hskip 1zw\relax }#2\par \vskip \belowcaptionskip } on input line 1175.
)

Package caption Warning: Unknown document class (or package),
(caption)                standard defaults will be used.
See the caption package documentation for explanation.

\c@caption@flags=\count302
\c@continuedfloat=\count303
Package caption Info: longtable package is loaded.
(c:/texlive/2025/texmf-dist/tex/latex/caption/ltcaption.sty
Package: ltcaption 2021/01/08 v1.4c longtable captions (AR)
))
Package caption Info: New subtype `subfigure' on input line 238.
\c@subfigure=\count304
Package caption Info: New subtype `subtable' on input line 238.
\c@subtable=\count305
) (c:/texlive/2025/texmf-dist/tex/latex/float/float.sty
Package: float 2001/11/08 v1.3d Float enhancements (AL)
\c@float@type=\count306
\float@exts=\toks26
\float@box=\box87
\@float@everytoks=\toks27
\@floatcapt=\box88
) (c:/texlive/2025/texmf-dist/tex/latex/l3backend/l3backend-dvips.def
File: l3backend-dvips.def 2025-10-09 L3 backend support: dvips
\l__pdfannot_backend_content_box=\box89
\l__pdfannot_backend_model_box=\box90
\g__pdfannot_backend_int=\count307
\g__pdfannot_backend_link_int=\count308
\g__pdfannot_backend_link_sf_int=\count309
)

LaTeX Warning: Unused global option(s):
    [ja].

(out/main.aux)
\openout1 = `main.aux'.

LaTeX Font Info:    Checking defaults for OML/cmm/m/it on input line 17.
LaTeX Font Info:    ... okay on input line 17.
LaTeX Font Info:    Checking defaults for OMS/cmsy/m/n on input line 17.
LaTeX Font Info:    ... okay on input line 17.
LaTeX Font Info:    Checking defaults for OT1/cmr/m/n on input line 17.
LaTeX Font Info:    ... okay on input line 17.
LaTeX Font Info:    Checking defaults for T1/cmr/m/n on input line 17.
LaTeX Font Info:    ... okay on input line 17.
LaTeX Font Info:    Checking defaults for TS1/cmr/m/n on input line 17.
LaTeX Font Info:    ... okay on input line 17.
LaTeX Font Info:    Checking defaults for OMX/cmex/m/n on input line 17.
LaTeX Font Info:    ... okay on input line 17.
LaTeX Font Info:    Checking defaults for U/cmr/m/n on input line 17.
LaTeX Font Info:    ... okay on input line 17.
LaTeX Font Info:    Checking defaults for JY1/mc/m/n on input line 17.
LaTeX Font Info:    ... okay on input line 17.
LaTeX Font Info:    Checking defaults for JT1/mc/m/n on input line 17.
LaTeX Font Info:    ... okay on input line 17.
Package caption Info: Begin \AtBeginDocument code.
Package caption Info: float package is loaded.
Package caption Info: End \AtBeginDocument code.
(./title.tex
LaTeX Font Info:    Font shape `JT1/mc/m/n' will be
(Font)              scaled to size 16.60605pt on input line 13.
LaTeX Font Info:    Font shape `JY1/mc/m/n' will be
(Font)              scaled to size 16.60605pt on input line 13.
LaTeX Font Info:    Font shape `JT1/mc/m/n' will be
(Font)              scaled to size 19.9311pt on input line 15.
LaTeX Font Info:    Font shape `JY1/mc/m/n' will be
(Font)              scaled to size 19.9311pt on input line 15.
LaTeX Font Info:    Font shape `JT1/mc/bx/n' in size <20.74> not available
(Font)              Font shape `JT1/gt/m/n' tried instead on input line 15.
LaTeX Font Info:    Font shape `JT1/gt/m/n' will be
(Font)              scaled to size 19.9311pt on input line 15.
LaTeX Font Info:    Font shape `JY1/mc/bx/n' in size <20.74> not available
(Font)              Font shape `JY1/gt/m/n' tried instead on input line 15.
LaTeX Font Info:    Font shape `JY1/gt/m/n' will be
(Font)              scaled to size 19.9311pt on input line 15.
LaTeX Font Info:    Font shape `JT1/mc/m/n' will be
(Font)              scaled to size 13.83836pt on input line 17.
LaTeX Font Info:    Font shape `JY1/mc/m/n' will be
(Font)              scaled to size 13.83836pt on input line 17.
[1

])
LaTeX Font Info:    Font shape `JT1/gt/m/n' will be
(Font)              scaled to size 9.60999pt on input line 21.
LaTeX Font Info:    Font shape `JY1/gt/m/n' will be
(Font)              scaled to size 9.60999pt on input line 21.
LaTeX Font Info:    Font shape `JT1/mc/m/n' will be
(Font)              scaled to size 23.90964pt on input line 21.
LaTeX Font Info:    Font shape `JY1/mc/m/n' will be
(Font)              scaled to size 23.90964pt on input line 21.
LaTeX Font Info:    Font shape `JT1/gt/m/n' will be
(Font)              scaled to size 23.90964pt on input line 21.
LaTeX Font Info:    Font shape `JY1/gt/m/n' will be
(Font)              scaled to size 23.90964pt on input line 21.
(out/main.toc
LaTeX Font Info:    Font shape `JY1/mc/m/n' will be
(Font)              scaled to size 6.72699pt on input line 6.
LaTeX Font Info:    Font shape `JY1/mc/m/n' will be
(Font)              scaled to size 4.805pt on input line 6.
LaTeX Font Info:    Font shape `JY1/gt/m/n' will be
(Font)              scaled to size 6.72699pt on input line 6.
LaTeX Font Info:    Font shape `JY1/gt/m/n' will be
(Font)              scaled to size 4.805pt on input line 6.
[1

])
\tf@toc=\write3
\openout3 = `main.toc'.

[2] (out/main.lof [3

])
\tf@lof=\write4
\openout4 = `main.lof'.

[4] (out/main.lot)
\tf@lot=\write5
\openout5 = `main.lot'.

[5


] (./symbols.tex) (./chapter1.tex [6


]
第1章
LaTeX Font Info:    Font shape `JT1/gt/m/n' will be
(Font)              scaled to size 13.83836pt on input line 11.
LaTeX Font Info:    Font shape `JY1/gt/m/n' will be
(Font)              scaled to size 13.83836pt on input line 11.
[7

]
File: photo/drone_agriculture.jpg Graphic file (type bmp)
<photo/drone_agriculture.jpg>
File: photo/drone_infrastructure.jpg Graphic file (type bmp)
<photo/drone_infrastructure.jpg>
[8]
File: photo/module.png Graphic file (type bmp)
<photo/module.png>
File: photo/collective_drone.jpg Graphic file (type bmp)
<photo/collective_drone.jpg>
[9

]) (./chapter2.tex [10]
第2章
File: photo/body_model.png Graphic file (type bmp)
<photo/body_model.png>
File: photo/rotor_fixed_axis.jpg Graphic file (type bmp)
<photo/rotor_fixed_axis.jpg>
[11

] [12]
File: photo/blade_xy_axis.jpg Graphic file (type bmp)
<photo/blade_xy_axis.jpg>
File: photo/blade_yz_axis.jpg Graphic file (type bmp)
<photo/blade_yz_axis.jpg>
[13

] [14]
File: photo/blade_calc_model.jpg Graphic file (type bmp)
<photo/blade_calc_model.jpg>
) (./chapter3.tex [15

]
第3章
[16

]
File: photo/kaisekikoushi.png Graphic file (type bmp)
<photo/kaisekikoushi.png>
File: photo/thrust_209.png Graphic file (type bmp)
<photo/thrust_209.png>
LaTeX Font Info:    Font shape `JT1/mc/m/n' will be
(Font)              scaled to size 8.64899pt on input line 58.
LaTeX Font Info:    Font shape `JY1/mc/m/n' will be
(Font)              scaled to size 8.64899pt on input line 58.
LaTeX Font Info:    Font shape `JY1/mc/m/n' will be
(Font)              scaled to size 5.76599pt on input line 58.
LaTeX Font Info:    Font shape `JY1/gt/m/n' will be
(Font)              scaled to size 8.64899pt on input line 58.
LaTeX Font Info:    Font shape `JY1/gt/m/n' will be
(Font)              scaled to size 5.76599pt on input line 58.
File: photo/thrust_314.png Graphic file (type bmp)
<photo/thrust_314.png>
File: photo/thrust_444.png Graphic file (type bmp)
<photo/thrust_444.png>
[17

]
File: photo/fom_209.png Graphic file (type bmp)
<photo/fom_209.png>
File: photo/fom_314.png Graphic file (type bmp)
<photo/fom_314.png>
File: photo/fom_444.png Graphic file (type bmp)
<photo/fom_444.png>
[18]
File: photo/pitch_rpm_T_wb2.png Graphic file (type bmp)
<photo/pitch_rpm_T_wb2.png>
File: photo/pitch_rpm_T_nb2.png Graphic file (type bmp)
<photo/pitch_rpm_T_nb2.png>
File: photo/pitch_rpm_T_nb4.png Graphic file (type bmp)
<photo/pitch_rpm_T_nb4.png>
[19]
File: photo/pitch_rpm_fom_wb2.png Graphic file (type bmp)
<photo/pitch_rpm_fom_wb2.png>
File: photo/pitch_rpm_fom_nb2.png Graphic file (type bmp)
<photo/pitch_rpm_fom_nb2.png>
File: photo/pitch_rpm_fom_nb4.png Graphic file (type bmp)
<photo/pitch_rpm_fom_nb4.png>
[20] [21] [22

]
File: photo/cw_xy.jpg Graphic file (type bmp)
<photo/cw_xy.jpg>
File: photo/cw_yz.jpg Graphic file (type bmp)
<photo/cw_yz.jpg>
File: photo/cw_pitch_xy.jpg Graphic file (type bmp)
<photo/cw_pitch_xy.jpg>
File: photo/cw_pitch_yz.jpg Graphic file (type bmp)
<photo/cw_pitch_yz.jpg>
[23

]
File: photo/flowchart_cw.png Graphic file (type bmp)
<photo/flowchart_cw.png>
[24

] [25]
File: photo/flowchart_power.png Graphic file (type bmp)
<photo/flowchart_power.png>
[26

]
File: photo/moment_wb2.png Graphic file (type bmp)
<photo/moment_wb2.png>
File: photo/moment_nb2.png Graphic file (type bmp)
<photo/moment_nb2.png>
File: photo/moment_nb4.png Graphic file (type bmp)
<photo/moment_nb4.png>
[27

] [28]
File: photo/pitch_increase.png Graphic file (type bmp)
<photo/pitch_increase.png>
[29

]) (./chapter4.tex [30]
第4章
File: photo/pm_209.png Graphic file (type bmp)
<photo/pm_209.png>
File: photo/pm_314.png Graphic file (type bmp)
<photo/pm_314.png>
File: photo/pm_444.png Graphic file (type bmp)
<photo/pm_444.png>
[31

]
File: photo/pitch_rpm_pm_wb2.png Graphic file (type bmp)
<photo/pitch_rpm_pm_wb2.png>
File: photo/pitch_rpm_pm_nb2.png Graphic file (type bmp)
<photo/pitch_rpm_pm_nb2.png>
File: photo/pitch_rpm_pm_nb4.png Graphic file (type bmp)
<photo/pitch_rpm_pm_nb4.png>
[32]
File: photo/air_moment_wb2.png Graphic file (type bmp)
<photo/air_moment_wb2.png>
File: photo/air_moment_nb2.png Graphic file (type bmp)
<photo/air_moment_nb2.png>
File: photo/air_moment_nb4.png Graphic file (type bmp)
<photo/air_moment_nb4.png>
[33]
File: photo/total_moment_wb2.png Graphic file (type bmp)
<photo/total_moment_wb2.png>
File: photo/total_moment_nb2.png Graphic file (type bmp)
<photo/total_moment_nb2.png>
File: photo/total_moment_nb4.png Graphic file (type bmp)
<photo/total_moment_nb4.png>
[34]
Overfull \vbox (1.47061pt too high) has occurred while \output is active []

[35]
File: photo/yokugata.png Graphic file (type bmp)
<photo/yokugata.png>

Overfull \hbox (12.00772pt too wide) in paragraph at lines 194--201
 [][][][] 
 []

[36]
File: photo/NACA0009.png Graphic file (type bmp)
<photo/NACA0009.png>
File: photo/OAF117.png Graphic file (type bmp)
<photo/OAF117.png>
File: photo/moment_yokugata.png Graphic file (type bmp)
<photo/moment_yokugata.png>
[37]
File: photo/moment_twist_WA2.png Graphic file (type bmp)
<photo/moment_twist_WA2.png>
File: photo/moment_twist_WB2.png Graphic file (type bmp)
<photo/moment_twist_WB2.png>
) [38] (./chapter5.tex [39]
第5章
) (./ref.tex [40

] (out/main.bbl
Underfull \hbox (badness 2351) in paragraph at lines 19--22
[]\JY1/mc/m/n/10 小型無人機に関する関係府省庁連絡会議\OT1/cmr/m/n/10 .  $https : / / www . kantei . go . jp / jp / singi /
 []


Underfull \hbox (badness 1275) in paragraph at lines 29--32
[]\OT1/cmr/m/n/10 001585162.pdf.  $chrome-[]extension : / / efaidnbmnnnibpcajpcglcle^^Lndmkaj / https : / / www .
 []

LaTeX Font Info:    Font shape `JT1/mc/m/n' will be
(Font)              scaled to size 6.72699pt on input line 60.
LaTeX Font Info:    Font shape `JT1/mc/m/n' will be
(Font)              scaled to size 4.805pt on input line 60.
LaTeX Font Info:    Font shape `JT1/gt/m/it' in size <10> not available
(Font)              Font shape `JT1/gt/m/n' tried instead on input line 71.
LaTeX Font Info:    Font shape `JT1/gt/m/n' will be
(Font)              scaled to size 9.60999pt on input line 71.
LaTeX Font Info:    Font shape `JY1/gt/m/it' in size <10> not available
(Font)              Font shape `JY1/gt/m/n' tried instead on input line 71.
LaTeX Font Info:    Font shape `JY1/gt/m/n' will be
(Font)              scaled to size 9.60999pt on input line 71.

Underfull \hbox (badness 1178) in paragraph at lines 74--77
[]\OT1/cmr/m/n/10 Yasutada TAN-ABE, Takashi AOYAMA, Masahiko SUG-IURA, Hideaki Sug-awara,
 []

[41

])) (./thank.tex [42]) [43

] (out/main.aux)
 ***********
pLaTeX2e <2023-02-14>+1, based on
LaTeX2e <2025-11-01>
L3 programming layer <2025-10-24>
 ***********
 ) 
Here is how much of TeX's memory you used:
 4520 strings out of 468181
 76876 string characters out of 5438189
 482278 words of memory out of 5000000
 33301 multiletter control sequences out of 15000+600000
 646504 words of font info for 125 fonts, out of 8000000 for 9000
 934 hyphenation exceptions out of 8191
 67i,14n,77p,360b,683s stack positions out of 10000i,1000n,20000p,200000b,200000s

Output written on out/main.dvi (44 pages, 98412 bytes).
